<?xml version="1.0" encoding="UTF-8"?>
<!-- Generated by org.testng.reporters.JUnitXMLReporter -->
<testsuite ignored="0" hostname="selenium35" failures="0" tests="3" name="Default test" time="8.68" errors="0" timestamp="2025-01-21T15:24:33 IST">
  <testcase classname="io.cucumber.testng.AbstractTestNGCucumberTests" name="runScenario" time="2.166"/>
  <testcase classname="io.cucumber.testng.AbstractTestNGCucumberTests" name="runScenario" time="1.781"/>
  <testcase classname="runner.MyTestRunner" name="f" time="0.002"/>
</testsuite> <!-- Default test -->
